TN:
SF:/home/muniz/Documentos/Projetos/admin/src/boot/axios.js
FN:12,(anonymous_0)
FN:21,(anonymous_1)
FNF:2
FNH:0
FNDA:0,(anonymous_0)
FNDA:0,(anonymous_1)
DA:3,0
DA:6,0
DA:10,0
DA:13,0
DA:22,0
LF:5
LH:0
BRF:0
BRH:0
end_of_record
TN:
SF:/home/muniz/Documentos/Projetos/admin/src/boot/i18n.js
FN:4,(anonymous_0)
FNF:1
FNH:0
FNDA:0,(anonymous_0)
DA:5,0
DA:8,0
LF:2
LH:0
BRF:0
BRH:0
end_of_record
TN:
SF:/home/muniz/Documentos/Projetos/admin/src/i18n/index.js
FNF:0
FNH:0
LF:0
LH:0
BRF:0
BRH:0
end_of_record
TN:
SF:/home/muniz/Documentos/Projetos/admin/src/i18n/en-us/index.js
FNF:0
FNH:0
LF:0
LH:0
BRF:0
BRH:0
end_of_record
TN:
SF:/home/muniz/Documentos/Projetos/admin/src/layouts/AdminDrawer.vue
FN:53,data
FNF:1
FNH:0
FNDA:0,data
DA:53,0
LF:1
LH:0
BRF:0
BRH:0
end_of_record
TN:
SF:/home/muniz/Documentos/Projetos/admin/src/layouts/AdminLayout.vue
FN:27,mounted
FN:30,data
FN:36,getPosts
FN:37,(anonymous_4)
FNF:4
FNH:0
FNDA:0,mounted
FNDA:0,data
FNDA:0,getPosts
FNDA:0,(anonymous_4)
DA:16,0
DA:17,0
DA:18,0
DA:19,0
DA:28,0
DA:30,0
DA:36,0
DA:37,0
DA:38,0
LF:9
LH:0
BRF:0
BRH:0
end_of_record
TN:
SF:/home/muniz/Documentos/Projetos/admin/src/layouts/AdminMenu.vue
FN:34,filteredPosts
FN:39,randomDate
FN:42,randomAvatarUrl
FN:45,randomHexColor
FN:50,randomEye
FN:63,randomNose
FN:75,randomMouth
FN:87,randomArrayElement
FNF:8
FNH:0
FNDA:0,filteredPosts
FNDA:0,randomDate
FNDA:0,randomAvatarUrl
FNDA:0,randomHexColor
FNDA:0,randomEye
FNDA:0,randomNose
FNDA:0,randomMouth
FNDA:0,randomArrayElement
DA:29,0
DA:35,0
DA:40,0
DA:43,0
DA:46,0
DA:51,0
DA:64,0
DA:76,0
DA:88,0
LF:9
LH:0
BRF:0
BRH:0
end_of_record
TN:
SF:/home/muniz/Documentos/Projetos/admin/src/layouts/AdminToolbar.vue
FN:25,toggleMenu
FNF:1
FNH:0
FNDA:0,toggleMenu
DA:19,0
DA:26,0
LF:2
LH:0
BRF:0
BRH:0
end_of_record
TN:
SF:/home/muniz/Documentos/Projetos/admin/src/pages/dashboard/barGraph.vue
FN:9,data
FN:36,data
FNF:2
FNH:0
FNDA:0,data
FNDA:0,data
DA:2,0
DA:10,0
DA:37,0
LF:3
LH:0
BRF:0
BRH:0
end_of_record
TN:
SF:/home/muniz/Documentos/Projetos/admin/src/pages/dashboard/dashboard.vue
FN:58,mounted
FN:59,(anonymous_2)
FN:69,data
FN:78,dataForGraph
FNF:4
FNH:0
FNDA:0,mounted
FNDA:0,(anonymous_2)
FNDA:0,data
FNDA:0,dataForGraph
DA:50,0
DA:51,0
DA:58,0
DA:59,0
DA:64,0
DA:65,0
DA:66,0
DA:70,0
DA:79,0
LF:9
LH:0
BRF:0
BRH:0
end_of_record
TN:
SF:/home/muniz/Documentos/Projetos/admin/src/pages/dragAndDrop/dragAndDrop.vue
FNF:0
FNH:0
DA:16,0
DA:17,0
LF:2
LH:0
BRF:0
BRH:0
end_of_record
TN:
SF:/home/muniz/Documentos/Projetos/admin/src/pages/dragAndDrop/exampleTwo/cardExampleTwo.vue
FN:22,mounted
FN:30,moves
FN:35,data
FNF:3
FNH:0
FNDA:0,mounted
FNDA:0,moves
FNDA:0,data
DA:17,0
DA:18,0
DA:19,0
DA:20,0
DA:23,0
DA:29,0
DA:31,0
DA:36,0
LF:8
LH:0
BRF:0
BRH:0
end_of_record
TN:
SF:/home/muniz/Documentos/Projetos/admin/src/pages/dragAndDrop/exampleTwo/cardTask.vue
FN:26,data
FN:35,chooseColor
FNF:2
FNH:0
FNDA:0,data
FNDA:0,chooseColor
DA:27,0
DA:36,0
DA:37,0
LF:3
LH:0
BRF:0
BRH:0
end_of_record
TN:
SF:/home/muniz/Documentos/Projetos/admin/src/pages/dragAndDrop/exampleTwo/doingColumn.vue
FN:22,data
FN:28,addCardTask
FNF:2
FNH:0
FNDA:0,data
FNDA:0,addCardTask
DA:20,0
DA:23,0
DA:29,0
LF:3
LH:0
BRF:0
BRH:0
end_of_record
TN:
SF:/home/muniz/Documentos/Projetos/admin/src/pages/dragAndDrop/exampleTwo/doneColumn.vue
FN:14,data
FNF:1
FNH:0
FNDA:0,data
DA:15,0
LF:1
LH:0
BRF:0
BRH:0
end_of_record
TN:
SF:/home/muniz/Documentos/Projetos/admin/src/pages/dragAndDrop/exampleTwo/todoColumn.vue
FN:19,data
FN:25,addCardTask
FNF:2
FNH:0
FNDA:0,data
FNDA:0,addCardTask
DA:17,0
DA:20,0
DA:26,0
LF:3
LH:0
BRF:0
BRH:0
end_of_record
TN:
SF:/home/muniz/Documentos/Projetos/admin/src/pages/dragAndDrop/exempleOne/cardExampleOne.vue
FN:44,mounted
FN:46,(anonymous_2)
FN:57,totalCost
FN:63,data
FN:74,pay
FN:77,(anonymous_6)
FNF:6
FNH:0
FNDA:0,mounted
FNDA:0,(anonymous_2)
FNDA:0,totalCost
FNDA:0,data
FNDA:0,pay
FNDA:0,(anonymous_6)
DA:41,0
DA:42,0
DA:45,0
DA:46,0
DA:48,0
DA:49,0
DA:51,0
DA:59,0
DA:60,0
DA:64,0
DA:75,0
DA:76,0
DA:77,0
LF:13
LH:0
BRDA:48,0,0,0
BRDA:48,0,1,0
BRDA:51,1,0,0
BRDA:51,1,1,0
BRF:4
BRH:0
end_of_record
TN:
SF:/home/muniz/Documentos/Projetos/admin/src/pages/form/advancedFormOne/advancedFormOne.vue
FN:44,data
FN:64,photosForGalery
FN:66,(anonymous_3)
FN:69,finished
FN:72,canContinue
FN:81,finish
FN:84,nextStep
FN:87,previousStep
FN:90,findUser
FN:91,(anonymous_10)
FN:97,populatePhotos
FN:98,(anonymous_12)
FNF:12
FNH:0
FNDA:0,data
FNDA:0,photosForGalery
FNDA:0,(anonymous_3)
FNDA:0,finished
FNDA:0,canContinue
FNDA:0,finish
FNDA:0,nextStep
FNDA:0,previousStep
FNDA:0,findUser
FNDA:0,(anonymous_10)
FNDA:0,populatePhotos
FNDA:0,(anonymous_12)
DA:39,0
DA:40,0
DA:41,0
DA:45,0
DA:65,0
DA:66,0
DA:67,0
DA:70,0
DA:73,0
DA:82,0
DA:85,0
DA:88,0
DA:90,0
DA:91,0
DA:93,0
DA:95,0
DA:97,0
DA:98,0
LF:18
LH:0
BRDA:73,0,0,0
BRDA:73,0,1,0
BRF:2
BRH:0
end_of_record
TN:
SF:/home/muniz/Documentos/Projetos/admin/src/pages/form/advancedFormOne/cardDataTable.vue
FN:27,mounted
FN:28,(anonymous_2)
FN:33,selectedRows
FN:36,configs
FN:49,data
FN:59,addPrint
FNF:6
FNH:0
FNDA:0,mounted
FNDA:0,(anonymous_2)
FNDA:0,selectedRows
FNDA:0,configs
FNDA:0,data
FNDA:0,addPrint
DA:27,0
DA:28,0
DA:30,0
DA:34,0
DA:37,0
DA:50,0
DA:60,0
LF:7
LH:0
BRF:0
BRH:0
end_of_record
TN:
SF:/home/muniz/Documentos/Projetos/admin/src/pages/form/advancedFormOne/cardUserData.vue
FN:25,data
FN:32,filteredAlbums
FN:37,change
FN:42,userData
FN:43,(anonymous_5)
FNF:5
FNH:0
FNDA:0,data
FNDA:0,filteredAlbums
FNDA:0,change
FNDA:0,userData
FNDA:0,(anonymous_5)
DA:26,0
DA:33,0
DA:38,0
DA:42,0
DA:43,0
DA:45,0
LF:6
LH:0
BRF:0
BRH:0
end_of_record
TN:
SF:/home/muniz/Documentos/Projetos/admin/src/pages/login/login-one.vue
FN:91,mounted
FN:96,beforeDestroy
FN:101,heightSize
FN:107,finalBgColor
FN:110,logoMethod
FN:114,data
FN:131,login
FN:136,startAnimation
FN:137,(anonymous_9)
FNF:9
FNH:0
FNDA:0,mounted
FNDA:0,beforeDestroy
FNDA:0,heightSize
FNDA:0,finalBgColor
FNDA:0,logoMethod
FNDA:0,data
FNDA:0,login
FNDA:0,startAnimation
FNDA:0,(anonymous_9)
DA:86,0
DA:87,0
DA:88,0
DA:89,0
DA:92,0
DA:93,0
DA:94,0
DA:97,0
DA:98,0
DA:102,0
DA:103,0
DA:105,0
DA:108,0
DA:111,0
DA:115,0
DA:132,0
DA:133,0
DA:134,0
DA:137,0
DA:140,0
DA:141,0
DA:142,0
DA:143,0
LF:23
LH:0
BRDA:102,0,0,0
BRDA:102,0,1,0
BRDA:140,1,0,0
BRDA:140,1,1,0
BRF:4
BRH:0
end_of_record
TN:
SF:/home/muniz/Documentos/Projetos/admin/src/pages/login/logoData.js
FNF:0
FNH:0
LF:0
LH:0
BRF:0
BRH:0
end_of_record
TN:
SF:/home/muniz/Documentos/Projetos/admin/src/pages/pricing/cardPlanOne.vue
FN:24,data
FN:28,planSelected
FNF:2
FNH:0
FNDA:0,data
FNDA:0,planSelected
DA:25,0
DA:29,0
LF:2
LH:0
BRF:0
BRH:0
end_of_record
TN:
SF:/home/muniz/Documentos/Projetos/admin/src/pages/pricing/cardPlanTwo.vue
FN:61,data
FN:67,randomValueOne
FN:70,randomValueTwo
FN:73,randomValueThree
FN:78,planSelected
FN:81,workButton
FN:83,(anonymous_7)
FN:91,stopWorkButton
FNF:8
FNH:0
FNDA:0,data
FNDA:0,randomValueOne
FNDA:0,randomValueTwo
FNDA:0,randomValueThree
FNDA:0,planSelected
FNDA:0,workButton
FNDA:0,(anonymous_7)
FNDA:0,stopWorkButton
DA:62,0
DA:68,0
DA:71,0
DA:74,0
DA:79,0
DA:81,0
DA:82,0
DA:83,0
DA:84,0
DA:85,0
DA:86,0
DA:87,0
DA:92,0
DA:93,0
DA:94,0
DA:95,0
DA:97,0
DA:98,0
LF:18
LH:0
BRDA:85,0,0,0
BRDA:85,0,1,0
BRDA:92,1,0,0
BRDA:92,1,1,0
BRDA:97,2,0,0
BRDA:97,2,1,0
BRF:6
BRH:0
end_of_record
TN:
SF:/home/muniz/Documentos/Projetos/admin/src/pages/pricing/pricing.vue
FN:43,data
FN:95,componentInstanceBySelectedPlanType
FN:100,cardSelected
FN:103,chooseMostUsedPlan
FNF:4
FNH:0
FNDA:0,data
FNDA:0,componentInstanceBySelectedPlanType
FNDA:0,cardSelected
FNDA:0,chooseMostUsedPlan
DA:34,0
DA:35,0
DA:36,0
DA:37,0
DA:38,0
DA:39,0
DA:40,0
DA:44,0
DA:96,0
DA:101,0
DA:104,0
LF:11
LH:0
BRDA:96,0,0,0
BRDA:96,0,1,0
BRDA:104,1,0,0
BRDA:104,1,1,0
BRF:4
BRH:0
end_of_record
TN:
SF:/home/muniz/Documentos/Projetos/admin/src/pages/pricing/plansBenefits/benefitFour.vue
FN:17,data
FNF:1
FNH:0
FNDA:0,data
DA:18,0
LF:1
LH:0
BRF:0
BRH:0
end_of_record
TN:
SF:/home/muniz/Documentos/Projetos/admin/src/pages/pricing/plansBenefits/benefitOne.vue
FN:32,data
FNF:1
FNH:0
FNDA:0,data
DA:33,0
LF:1
LH:0
BRF:0
BRH:0
end_of_record
TN:
SF:/home/muniz/Documentos/Projetos/admin/src/pages/pricing/plansBenefits/benefitThree.vue
FN:22,data
FNF:1
FNH:0
FNDA:0,data
DA:23,0
LF:1
LH:0
BRF:0
BRH:0
end_of_record
TN:
SF:/home/muniz/Documentos/Projetos/admin/src/pages/pricing/plansBenefits/benefitTwo.vue
FN:22,data
FNF:1
FNH:0
FNDA:0,data
DA:23,0
LF:1
LH:0
BRF:0
BRH:0
end_of_record
TN:
SF:/home/muniz/Documentos/Projetos/admin/src/router/index.js
FN:13,(anonymous_0)
FN:15,(anonymous_1)
FNF:2
FNH:0
FNDA:0,(anonymous_0)
FNDA:0,(anonymous_1)
DA:6,0
DA:14,0
DA:15,0
DA:25,0
LF:4
LH:0
BRF:0
BRH:0
end_of_record
TN:
SF:/home/muniz/Documentos/Projetos/admin/src/router/routes.js
FN:4,(anonymous_0)
FN:8,(anonymous_1)
FN:45,(anonymous_2)
FNF:3
FNH:0
FNDA:0,(anonymous_0)
FNDA:0,(anonymous_1)
FNDA:0,(anonymous_2)
DA:1,0
DA:4,0
DA:8,0
DA:41,0
DA:42,0
DA:45,0
LF:6
LH:0
BRDA:41,0,0,0
BRDA:41,0,1,0
BRF:2
BRH:0
end_of_record
TN:
SF:/home/muniz/Documentos/Projetos/admin/src/store/index.js
FN:8,(anonymous_0)
FNF:1
FNH:0
FNDA:0,(anonymous_0)
DA:6,0
DA:9,0
DA:15,0
LF:3
LH:0
BRF:0
BRH:0
end_of_record
TN:
SF:/home/muniz/Documentos/Projetos/admin/src/store/app/actions.js
FN:1,someAction
FNF:1
FNH:0
FNDA:0,someAction
LF:0
LH:0
BRF:0
BRH:0
end_of_record
TN:
SF:/home/muniz/Documentos/Projetos/admin/src/store/app/getters.js
FN:1,getPosts
FNF:1
FNH:0
FNDA:0,getPosts
DA:2,0
LF:1
LH:0
BRF:0
BRH:0
end_of_record
TN:
SF:/home/muniz/Documentos/Projetos/admin/src/store/app/index.js
FNF:0
FNH:0
LF:0
LH:0
BRF:0
BRH:0
end_of_record
TN:
SF:/home/muniz/Documentos/Projetos/admin/src/store/app/mutations.js
FN:1,setPosts
FNF:1
FNH:0
FNDA:0,setPosts
DA:2,0
LF:1
LH:0
BRF:0
BRH:0
end_of_record
TN:
SF:/home/muniz/Documentos/Projetos/admin/src/store/app/state.js
FNF:0
FNH:0
LF:0
LH:0
BRF:0
BRH:0
end_of_record
